{"D:\\React_Library\\1_awesome-react-components\\awesome-react-components\\src\\components\\If.tsx": {"path":"D:\\React_Library\\1_awesome-react-components\\awesome-react-components\\src\\components\\If.tsx","all":false,"statementMap":{"0":{"start":{"line":1,"column":0},"end":{"line":1,"column":31}},"1":{"start":{"line":2,"column":0},"end":{"line":2,"column":0}},"2":{"start":{"line":3,"column":0},"end":{"line":3,"column":28}},"3":{"start":{"line":4,"column":0},"end":{"line":4,"column":13}},"4":{"start":{"line":5,"column":0},"end":{"line":5,"column":12}},"5":{"start":{"line":6,"column":0},"end":{"line":6,"column":12}},"6":{"start":{"line":7,"column":0},"end":{"line":7,"column":4}},"7":{"start":{"line":8,"column":0},"end":{"line":8,"column":22}},"8":{"start":{"line":9,"column":0},"end":{"line":9,"column":29}},"9":{"start":{"line":10,"column":0},"end":{"line":10,"column":22}},"10":{"start":{"line":11,"column":0},"end":{"line":11,"column":24}},"11":{"start":{"line":12,"column":0},"end":{"line":12,"column":57}},"12":{"start":{"line":13,"column":0},"end":{"line":13,"column":41}},"13":{"start":{"line":14,"column":0},"end":{"line":14,"column":43}},"14":{"start":{"line":15,"column":0},"end":{"line":15,"column":0}},"15":{"start":{"line":16,"column":0},"end":{"line":16,"column":17}},"16":{"start":{"line":17,"column":0},"end":{"line":17,"column":80}},"17":{"start":{"line":18,"column":0},"end":{"line":18,"column":56}},"18":{"start":{"line":19,"column":0},"end":{"line":19,"column":112}},"19":{"start":{"line":20,"column":0},"end":{"line":20,"column":55}},"20":{"start":{"line":21,"column":0},"end":{"line":21,"column":4}},"21":{"start":{"line":22,"column":0},"end":{"line":22,"column":106}},"22":{"start":{"line":23,"column":0},"end":{"line":23,"column":49}},"23":{"start":{"line":24,"column":0},"end":{"line":24,"column":0}},"24":{"start":{"line":25,"column":0},"end":{"line":25,"column":15}},"25":{"start":{"line":26,"column":0},"end":{"line":26,"column":1}}},"s":{"0":1,"1":1,"2":16,"3":16,"4":16,"5":16,"6":16,"7":16,"8":16,"9":16,"10":16,"11":16,"12":11,"13":11,"14":11,"15":16,"16":7,"17":7,"18":7,"19":1,"20":7,"21":16,"22":16,"23":1,"24":1,"25":1},"branchMap":{"0":{"type":"branch","line":3,"loc":{"start":{"line":3,"column":0},"end":{"line":26,"column":1}},"locations":[{"start":{"line":3,"column":0},"end":{"line":26,"column":1}}]},"1":{"type":"branch","line":12,"loc":{"start":{"line":12,"column":18},"end":{"line":12,"column":57}},"locations":[{"start":{"line":12,"column":18},"end":{"line":12,"column":57}}]},"2":{"type":"branch","line":12,"loc":{"start":{"line":12,"column":55},"end":{"line":16,"column":16}},"locations":[{"start":{"line":12,"column":55},"end":{"line":16,"column":16}}]},"3":{"type":"branch","line":16,"loc":{"start":{"line":16,"column":16},"end":{"line":21,"column":4}},"locations":[{"start":{"line":16,"column":16},"end":{"line":21,"column":4}}]},"4":{"type":"branch","line":17,"loc":{"start":{"line":17,"column":31},"end":{"line":17,"column":80}},"locations":[{"start":{"line":17,"column":31},"end":{"line":17,"column":80}}]},"5":{"type":"branch","line":17,"loc":{"start":{"line":17,"column":78},"end":{"line":18,"column":37}},"locations":[{"start":{"line":17,"column":78},"end":{"line":18,"column":37}}]},"6":{"type":"branch","line":18,"loc":{"start":{"line":18,"column":30},"end":{"line":18,"column":56}},"locations":[{"start":{"line":18,"column":30},"end":{"line":18,"column":56}}]},"7":{"type":"branch","line":18,"loc":{"start":{"line":18,"column":52},"end":{"line":19,"column":41}},"locations":[{"start":{"line":18,"column":52},"end":{"line":19,"column":41}}]},"8":{"type":"branch","line":19,"loc":{"start":{"line":19,"column":41},"end":{"line":20,"column":55}},"locations":[{"start":{"line":19,"column":41},"end":{"line":20,"column":55}}]},"9":{"type":"branch","line":21,"loc":{"start":{"line":21,"column":3},"end":{"line":22,"column":28}},"locations":[{"start":{"line":21,"column":3},"end":{"line":22,"column":28}}]},"10":{"type":"branch","line":22,"loc":{"start":{"line":22,"column":7},"end":{"line":22,"column":38}},"locations":[{"start":{"line":22,"column":7},"end":{"line":22,"column":38}}]},"11":{"type":"branch","line":22,"loc":{"start":{"line":22,"column":38},"end":{"line":22,"column":106}},"locations":[{"start":{"line":22,"column":38},"end":{"line":22,"column":106}}]},"12":{"type":"branch","line":22,"loc":{"start":{"line":22,"column":88},"end":{"line":23,"column":33}},"locations":[{"start":{"line":22,"column":88},"end":{"line":23,"column":33}}]},"13":{"type":"branch","line":23,"loc":{"start":{"line":23,"column":26},"end":{"line":23,"column":49}},"locations":[{"start":{"line":23,"column":26},"end":{"line":23,"column":49}}]},"14":{"type":"branch","line":23,"loc":{"start":{"line":23,"column":45},"end":{"line":26,"column":1}},"locations":[{"start":{"line":23,"column":45},"end":{"line":26,"column":1}}]}},"b":{"0":[16],"1":[4],"2":[11],"3":[7],"4":[4],"5":[3],"6":[1],"7":[2],"8":[1],"9":[4],"10":[3],"11":[1],"12":[3],"13":[2],"14":[1]},"fnMap":{"0":{"name":"If","decl":{"start":{"line":3,"column":0},"end":{"line":26,"column":1}},"loc":{"start":{"line":3,"column":0},"end":{"line":26,"column":1}},"line":3}},"f":{"0":16}}
}
